2026-02-11 15:43:36.126 xcodebuild[69651:409922] [MT] IDEDistribution: -[IDEDistributionLogging _createLoggingBundleAtPath:]: Created bundle at path "/var/folders/gc/5vx5z_fx7m9cls66srdr_g4r0000gq/T/InkWell_2026-02-11_15-43-36.126.xcdistributionlogs".
2026-02-11 15:43:53.581 xcodebuild[69651:409922] Starting upload
2026-02-11 15:43:55.215 xcodebuild[69651:409954] Progress 0%: Making copy of ‘InkWellMobile.ipa’…
2026-02-11 15:43:55.216 xcodebuild[69651:409954] Progress 0%: Making copy of ‘InkWellMobile.ipa’…
2026-02-11 15:43:55.218 xcodebuild[69651:409954] Progress 0%: Preparing to upload ‘InkWellMobile.ipa’…
2026-02-11 15:43:55.307 xcodebuild[69651:409954] Progress 0%: Analyzing package…
2026-02-11 15:44:00.267 xcodebuild[69651:409954] Progress 0%: Sending analysis to App Store Connect…
2026-02-11 15:44:03.465 xcodebuild[69651:409954] Progress 0%: Waiting for App Store Connect analysis response…
2026-02-11 15:44:31.800 xcodebuild[69651:416161] Progress 0%: Sending SPI analysis to App Store Connect…
2026-02-11 15:44:40.978 xcodebuild[69651:416161] Progress 0%: Waiting for App Store Connect SPI analysis response…
2026-02-11 15:44:57.697 xcodebuild[69651:416161] Progress 0%: Requesting upload instructions from App Store Connect…
2026-02-11 15:44:58.018 xcodebuild[69651:416161] Progress 0%: Preparing file for upload to App Store Connect…
2026-02-11 15:44:58.025 xcodebuild[69651:416161] Progress 0%: Preparing file for upload to App Store Connect…
2026-02-11 15:44:58.025 xcodebuild[69651:416161] Progress 0%: Uploading to App Store Connect…
2026-02-11 15:44:58.140 xcodebuild[69651:416161] Progress 7%: Uploading to App Store Connect…
2026-02-11 15:44:58.140 xcodebuild[69651:416161] Progress 7%: Uploading to App Store Connect…
2026-02-11 15:44:58.823 xcodebuild[69651:416161] Progress 48%: Uploading to App Store Connect…
2026-02-11 15:44:58.823 xcodebuild[69651:416161] Progress 48%: Uploading to App Store Connect…
2026-02-11 15:45:00.672 xcodebuild[69651:416161] Progress 51%: Uploading to App Store Connect…
2026-02-11 15:45:00.673 xcodebuild[69651:416161] Progress 51%: Uploading to App Store Connect…
2026-02-11 15:45:01.498 xcodebuild[69651:416161] Progress 55%: Uploading to App Store Connect…
2026-02-11 15:45:01.498 xcodebuild[69651:416161] Progress 55%: Uploading to App Store Connect…
2026-02-11 15:45:02.873 xcodebuild[69651:416161] Progress 62%: Uploading to App Store Connect…
2026-02-11 15:45:02.874 xcodebuild[69651:416161] Progress 62%: Uploading to App Store Connect… (About 9 seconds remaining. 1.27MB/s)
2026-02-11 15:45:03.572 xcodebuild[69651:416161] Progress 69%: Uploading to App Store Connect… (About 9 seconds remaining. 1.27MB/s)
2026-02-11 15:45:03.573 xcodebuild[69651:416161] Progress 69%: Uploading to App Store Connect… (About 9 seconds remaining. 1.27MB/s)
2026-02-11 15:45:04.089 xcodebuild[69651:416161] Progress 76%: Uploading to App Store Connect… (About 9 seconds remaining. 1.27MB/s)
2026-02-11 15:45:04.090 xcodebuild[69651:416161] Progress 76%: Uploading to App Store Connect… (About 9 seconds remaining. 2.36MB/s)
2026-02-11 15:45:05.143 xcodebuild[69651:416161] Progress 79%: Uploading to App Store Connect… (About 9 seconds remaining. 2.36MB/s)
2026-02-11 15:45:05.144 xcodebuild[69651:416161] Progress 79%: Uploading to App Store Connect… (About 9 seconds remaining. 1.81MB/s)
2026-02-11 15:45:06.337 xcodebuild[69651:416161] Progress 83%: Uploading to App Store Connect… (About 9 seconds remaining. 1.81MB/s)
2026-02-11 15:45:06.337 xcodebuild[69651:416161] Progress 83%: Uploading to App Store Connect… (About 3 seconds remaining. 1.50MB/s)
2026-02-11 15:45:06.961 xcodebuild[69651:416161] Progress 90%: Uploading to App Store Connect… (About 3 seconds remaining. 1.50MB/s)
2026-02-11 15:45:06.961 xcodebuild[69651:416161] Progress 90%: Uploading to App Store Connect… (About 3 seconds remaining. 1.50MB/s)
2026-02-11 15:45:07.891 xcodebuild[69651:416161] Progress 93%: Uploading to App Store Connect… (About 3 seconds remaining. 1.50MB/s)
2026-02-11 15:45:07.892 xcodebuild[69651:416161] Progress 93%: Uploading to App Store Connect… (About 3 seconds remaining. 1.65MB/s)
2026-02-11 15:45:08.753 xcodebuild[69651:416161] Progress 100%: Uploading to App Store Connect… (About 3 seconds remaining. 1.65MB/s)
2026-02-11 15:45:08.753 xcodebuild[69651:416161] Progress 100%: Uploading to App Store Connect… (About 3 seconds remaining. 1.65MB/s)
2026-02-11 15:45:12.727 xcodebuild[69651:416161] Progress 100%: Completing upload…
2026-02-11 15:45:14.044 xcodebuild[69651:416161] Progress 100%: Waiting for package to begin processing…
2026-02-11 15:45:14.354 xcodebuild[69651:416161] Progress 100%: Uploaded package is processing.
2026-02-11 15:45:14.493 xcodebuild[69651:416161] Progress 100%: Upload succeeded.
warning: exportArchive Upload Symbols Failed. The archive did not include a dSYM for the hermes.framework with the UUIDs [E00A18FB-B597-3727-99B0-5BD73FF37AB5]. Ensure that the archive's dSYM folder includes a DWARF file for hermes.framework with the expected UUIDs.

Uploaded InkWell
** EXPORT SUCCEEDED **

